<?xml version="1.0" encoding="UTF-8" ?>
<beans xmlns="http://www.springframework.org/schema/beans"
       xmlns:xsi="http://www.w3.org/2001/XMLSchema-instance"
       xmlns:context="http://www.springframework.org/schema/context"
       xmlns:tx="http://www.springframework.org/schema/tx"
       xsi:schemaLocation="http://www.springframework.org/schema/beans
                           http://www.springframework.org/schema/beans/spring-beans-3.0.xsd
                           http://www.springframework.org/schema/context
                           http://www.springframework.org/schema/context/spring-context-3.0.xsd
                           http://www.springframework.org/schema/tx
                           http://www.springframework.org/schema/tx/spring-tx-2.5.xsd">

    <bean id="userService" class="user.service.UserServiceImpl">
        <property name="userDao" ref="userDao"/>
        <property name="mailSender" ref="mailSender"/>
    </bean>

    <bean id="testUserService" class="com.gyugyu.tobyspringexample.UserServiceTest$TestUserServiceImpl"
          parent="userService" />

    <bean id="mailSender" class="user.service.DummyMailSender"/>

    <bean id="transactionManager" class="org.springframework.jdbc.datasource.DataSourceTransactionManager">
        <property name="dataSource" ref="dataSource"/>
    </bean>

    <bean id="userDao" class="user.dao.UserDaoJdbc">
        <property name="dataSource" ref="dataSource"/>
        <property name="sqlService" ref="sqlService" />
    </bean>

    <bean id="sqlService" class="user.sqlservice.XmlSqlService">
        <property name="sqlReader" ref="sqlService" />
        <property name="sqlRegistry" ref="sqlService" />

        <property name="sqlmapFile" value="/sqlmap-user.xml"/>
    </bean>

    <bean id="dataSource" class="org.springframework.jdbc.datasource.SimpleDriverDataSource">
        <property name="driverClass" value="com.mysql.cj.jdbc.Driver"/>
        <property name="url" value="jdbc:mysql://localhost/testdb?serverTimezone=Asia/Seoul"/>
        <property name="username" value="root"/>
        <property name="password" value="password"/>
    </bean>

    <bean class="org.springframework.aop.framework.autoproxy.DefaultAdvisorAutoProxyCreator" />

    <tx:annotation-driven />

    <context:annotation-config/>
    
</beans>